SF:/home/votroto/projects/LogitNash.jl/src/path.jl
DA:6,50
DA:7,50
DA:8,1
DA:10,149
DA:11,2
DA:13,54
DA:14,1
DA:16,46
DA:17,96
DA:18,3176
DA:19,2
DA:21,3174
DA:22,138
DA:23,44
DA:27,3501
DA:31,8728
DA:33,8728
DA:34,1
DA:36,8727
DA:39,1293782
DA:40,8722
DA:41,39098
DA:42,1330806
DA:43,114338
DA:46,44
DA:47,44
DA:48,44
DA:49,50
DA:51,88
DA:52,44
DA:53,432
DA:54,2570
DA:56,4138
DA:57,44
DA:58,44
DA:59,44
DA:61,44
DA:63,44
DA:64,44
DA:65,44
DA:66,44
DA:68,44
DA:70,44
DA:73,3501
DA:82,7002
DA:83,3501
DA:85,3501
DA:86,3501
DA:88,3501
DA:89,3501
DA:91,3501
DA:92,3501
DA:94,3501
DA:95,3501
DA:96,31345
DA:97,59189
DA:98,3501
DA:100,34846
DA:101,3501
DA:103,3501
DA:105,3501
DA:106,3501
DA:107,3501
DA:108,34846
DA:109,5104
DA:111,34846
DA:112,7730
DA:114,66191
DA:115,3501
DA:116,44
DA:119,3501
DA:121,3501
DA:123,3501
DA:124,31345
DA:125,59189
DA:126,3501
DA:128,3501
DA:131,7240
DA:144,7240
DA:145,3620
DA:147,7240
DA:148,3620
DA:150,3620
DA:151,3620
DA:154,3620
DA:156,8363
DA:157,76831
DA:158,16726
DA:160,8363
DA:161,8363
DA:163,8363
DA:164,8363
DA:166,16726
DA:167,8363
DA:169,8363
DA:171,3142
DA:172,3142
DA:175,5221
DA:177,5221
DA:178,5221
DA:179,5221
DA:181,5221
DA:182,48935
DA:183,92649
DA:184,5221
DA:186,5221
DA:187,48935
DA:188,92649
DA:189,5221
DA:191,5221
DA:194,5221
DA:195,5221
DA:196,5221
DA:197,54156
DA:198,9258
DA:200,54156
DA:201,14166
DA:203,103091
DA:206,5221
DA:207,113
DA:209,105
DA:212,8
DA:216,5116
DA:218,5116
DA:219,5116
DA:221,5116
DA:222,47997
DA:223,47997
DA:224,47997
DA:225,90878
DA:227,5116
DA:228,5116
DA:230,5116
DA:231,644
DA:232,322
DA:234,322
DA:235,322
DA:236,3159
DA:237,5996
DA:238,322
DA:239,7
DA:243,315
DA:244,315
DA:247,4794
DA:248,51
DA:251,9486
DA:252,4743
DA:253,4743
DA:254,4743
DA:263,100
DA:269,50
DA:271,318
DA:272,44
DA:273,360
DA:274,44
DA:275,44
DA:276,44
DA:277,44
DA:278,44
DA:279,44
DA:281,44
DA:283,3503
DA:284,3501
DA:285,3501
DA:287,3501
DA:288,42
DA:291,3459
DA:292,3459
DA:293,7077
DA:294,3620
DA:296,3620
DA:297,163
DA:298,163
DA:299,163
DA:301,2
DA:302,2
DA:305,6914
DA:306,3457
DA:308,3457
DA:309,3457
DA:310,658
DA:311,658
DA:314,3457
DA:316,3618
DA:317,3459
DA:319,44
LH:186
LF:186
end_of_record
SF:/home/votroto/projects/LogitNash.jl/src/turocy.jl
DA:2,22
DA:3,22
DA:4,22
DA:6,22
DA:8,8
DA:9,8
DA:12,13
DA:13,6
DA:15,10
DA:18,8
DA:19,8
DA:21,8
DA:22,2
DA:23,508102
DA:26,10
DA:27,380928
DA:31,8
DA:32,182990
DA:38,23
DA:40,10
DA:42,10
DA:43,27828
DA:45,189072
DA:48,4
DA:49,4
DA:50,4
DA:52,4
DA:53,10374
DA:54,40388
DA:56,70402
DA:62,8727
DA:68,2
DA:70,2
DA:71,5
DA:72,13
DA:73,16
DA:74,8
DA:76,8
DA:77,21746
DA:78,21746
DA:81,13
DA:82,5
DA:84,2
DA:87,8
DA:88,8
DA:89,8
DA:91,8
DA:93,5
DA:94,5
DA:95,8
DA:97,5
DA:98,949296
DA:101,5
DA:102,185052
DA:107,3
DA:108,3
DA:109,3
DA:111,3
DA:112,17658
DA:113,68772
DA:115,119886
DA:126,11924
DA:131,2
DA:132,2
DA:135,23
DA:136,5
DA:138,5
DA:140,5
DA:141,25402
DA:142,25402
DA:143,133938
DA:144,25402
DA:145,133938
DA:147,133938
DA:148,190312
DA:150,5
DA:152,2
DA:155,8722
DA:156,8727
DA:157,8727
DA:158,18527
DA:159,80310
DA:160,80310
DA:161,142093
DA:162,28327
DA:163,8727
DA:166,8418
DA:167,8418
DA:168,8418
DA:169,17924
DA:170,77161
DA:171,77161
DA:172,136398
DA:173,27430
DA:174,8418
DA:177,8727
DA:178,8727
DA:180,8727
DA:181,37054
DA:182,80310
DA:184,80310
DA:185,169728
DA:187,160620
DA:188,377160
DA:190,377160
DA:191,674010
DA:193,89418
DA:194,89418
DA:195,493318
DA:196,493318
DA:197,897218
DA:199,178836
DA:200,403900
DA:201,403900
DA:203,403900
DA:204,403900
DA:206,259146
DA:208,80310
DA:209,142093
DA:210,28327
DA:212,8727
DA:215,6
DA:216,50
DA:217,318
LH:124
LF:124
end_of_record
SF:/home/votroto/projects/LogitNash.jl/src/spaces.jl
DA:1,5
DA:2,11929
DA:3,35786
DA:6,25402
DA:7,50803
DA:9,25402
DA:10,25402
DA:11,108526
DA:12,108526
DA:13,108526
DA:14,191651
DA:15,25402
DA:16,25402
DA:18,25402
DA:19,133928
DA:20,242454
DA:22,25402
LH:17
LF:17
end_of_record
